{"/home/rohit/advanced_javascript/TA-JS-advanced-dom-and-test-TJaaan/block-BJaajc/code/index.js": {"path":"/home/rohit/advanced_javascript/TA-JS-advanced-dom-and-test-TJaaan/block-BJaajc/code/index.js","statementMap":{"0":{"start":{"line":4,"column":2},"end":{"line":4,"column":36}},"1":{"start":{"line":8,"column":19},"end":{"line":8,"column":51}},"2":{"start":{"line":9,"column":2},"end":{"line":9,"column":26}},"3":{"start":{"line":13,"column":2},"end":{"line":13,"column":73}},"4":{"start":{"line":13,"column":49},"end":{"line":13,"column":73}},"5":{"start":{"line":14,"column":24},"end":{"line":14,"column":44}},"6":{"start":{"line":15,"column":2},"end":{"line":15,"column":49}},"7":{"start":{"line":19,"column":2},"end":{"line":19,"column":73}},"8":{"start":{"line":19,"column":49},"end":{"line":19,"column":73}},"9":{"start":{"line":20,"column":15},"end":{"line":20,"column":40}},"10":{"start":{"line":21,"column":2},"end":{"line":21,"column":31}},"11":{"start":{"line":24,"column":0},"end":{"line":24,"column":74}}},"fnMap":{"0":{"name":"getFullName","decl":{"start":{"line":3,"column":9},"end":{"line":3,"column":20}},"loc":{"start":{"line":3,"column":42},"end":{"line":5,"column":1}},"line":3},"1":{"name":"isPalindrome","decl":{"start":{"line":7,"column":9},"end":{"line":7,"column":21}},"loc":{"start":{"line":7,"column":27},"end":{"line":10,"column":1}},"line":7},"2":{"name":"getCircumference","decl":{"start":{"line":12,"column":9},"end":{"line":12,"column":25}},"loc":{"start":{"line":12,"column":34},"end":{"line":16,"column":1}},"line":12},"3":{"name":"getArea","decl":{"start":{"line":18,"column":9},"end":{"line":18,"column":16}},"loc":{"start":{"line":18,"column":25},"end":{"line":22,"column":1}},"line":18}},"branchMap":{"0":{"loc":{"start":{"line":13,"column":2},"end":{"line":13,"column":73}},"type":"if","locations":[{"start":{"line":13,"column":2},"end":{"line":13,"column":73}},{"start":{},"end":{}}],"line":13},"1":{"loc":{"start":{"line":13,"column":6},"end":{"line":13,"column":47}},"type":"binary-expr","locations":[{"start":{"line":13,"column":6},"end":{"line":13,"column":32}},{"start":{"line":13,"column":36},"end":{"line":13,"column":47}}],"line":13},"2":{"loc":{"start":{"line":19,"column":2},"end":{"line":19,"column":73}},"type":"if","locations":[{"start":{"line":19,"column":2},"end":{"line":19,"column":73}},{"start":{},"end":{}}],"line":19},"3":{"loc":{"start":{"line":19,"column":6},"end":{"line":19,"column":47}},"type":"binary-expr","locations":[{"start":{"line":19,"column":6},"end":{"line":19,"column":32}},{"start":{"line":19,"column":36},"end":{"line":19,"column":47}}],"line":19}},"s":{"0":3,"1":4,"2":4,"3":4,"4":3,"5":1,"6":1,"7":4,"8":3,"9":1,"10":1,"11":1},"f":{"0":3,"1":4,"2":4,"3":4},"b":{"0":[3,1],"1":[4,3],"2":[3,1],"3":[4,3]},"_coverageSchema":"1a1c01bbd47fc00a2c39e90264f33305004495a9","hash":"dedadbf9559b495d144c304b83952f5ea6d34f91"}
}
